<?xml version="1.0" encoding="UTF-8"?>
<!-- Generated by org.testng.reporters.JUnitXMLReporter -->
<testsuite ignored="0" hostname="Karans-MacBook-Pro.local" failures="0" tests="3" name="Surefire test" time="6.025" errors="0" timestamp="2021-10-16T14:17:18 IST">
  <testcase classname="Mobile.TestLogin" name="@BeforeSuite initializeDriver" time="-1.634374032808E9">
    <failure type="org.testng.TestNGException" message="
Parameter &amp;apos;Environment&amp;apos; is required by BeforeSuite on method initializeDriver but has not been marked @Optional or defined
">
      <![CDATA[org.testng.TestNGException: 
Parameter 'Environment' is required by BeforeSuite on method initializeDriver but has not been marked @Optional or defined

... Removed 21 stack frames]]>
    </failure>
  </testcase> <!-- @BeforeSuite initializeDriver -->
  <testcase classname="Dashboard.TestLogin" name="@BeforeMethod lauchweb" time="-1.634374032845E9">
    <skipped/>
  </testcase> <!-- @BeforeMethod lauchweb -->
  <testcase classname="Dashboard.TestLogin" name="login" time="0.0">
    <skipped/>
  </testcase> <!-- login -->
  <testcase classname="Mobile.TestLogin" name="SelectCountry" time="0.0">
    <skipped/>
  </testcase> <!-- SelectCountry -->
  <testcase classname="Mobile.TestLogin" name="loginAppcoa" time="0.0">
    <skipped/>
  </testcase> <!-- loginAppcoa -->
</testsuite> <!-- Surefire test -->
