-------------------------------------------------------------------------------
Test set: TestSuite
-------------------------------------------------------------------------------
Tests run: 5, Failures: 1, Errors: 0, Skipped: 4, Time elapsed: 6.34 s <<< FAILURE! - in TestSuite
initializeDriver(Mobile.TestLogin)  Time elapsed: 0.215 s  <<< FAILURE!
org.testng.TestNGException: 

Parameter 'Environment' is required by BeforeSuite on method initializeDriver but has not been marked @Optional or defined


